#! 
:ivl_version "13.0 (devel)" "(s20251012-92-gfe295c89f-dirty)";
:ivl_delay_selection "TYPICAL";
:vpi_time_precision + 0;
:vpi_module "D:\OSS-CA~1\lib\ivl\system.vpi";
:vpi_module "D:\OSS-CA~1\lib\ivl\vhdl_sys.vpi";
:vpi_module "D:\OSS-CA~1\lib\ivl\vhdl_textio.vpi";
:vpi_module "D:\OSS-CA~1\lib\ivl\v2005_math.vpi";
:vpi_module "D:\OSS-CA~1\lib\ivl\va_math.vpi";
S_000002955fe88010 .scope module, "BCD_4display_tb" "BCD_4display_tb" 2 1;
 .timescale 0 0;
v000002955feece40_0 .net "D_ce", 6 0, v000002955fe7e580_0;  1 drivers
v000002955feec9e0_0 .net "D_de", 6 0, v000002955fe7e620_0;  1 drivers
v000002955feeb2c0_0 .net "D_mi", 6 0, v000002955feeb5e0_0;  1 drivers
v000002955feebea0_0 .net "D_un", 6 0, v000002955feec4e0_0;  1 drivers
v000002955feebae0_0 .var "bcd_in", 9 0;
S_000002955fe88330 .scope module, "DUT" "BCD_4display" 2 5, 3 1 0, S_000002955fe88010;
 .timescale 0 0;
    .port_info 0 /INPUT 10 "bcd_in";
    .port_info 1 /OUTPUT 7 "D_un";
    .port_info 2 /OUTPUT 7 "D_de";
    .port_info 3 /OUTPUT 7 "D_ce";
    .port_info 4 /OUTPUT 7 "D_mi";
P_000002955fe979a0 .param/l "N_in" 0 3 1, +C4<00000000000000000000000000001010>;
P_000002955fe979d8 .param/l "N_out" 0 3 1, +C4<00000000000000000000000000000111>;
v000002955feeb400_0 .net "D_ce", 6 0, v000002955fe7e580_0;  alias, 1 drivers
v000002955feec760_0 .net "D_de", 6 0, v000002955fe7e620_0;  alias, 1 drivers
v000002955feeb720_0 .net "D_mi", 6 0, v000002955feeb5e0_0;  alias, 1 drivers
v000002955feeb4a0_0 .net "D_un", 6 0, v000002955feec4e0_0;  alias, 1 drivers
v000002955feeb220_0 .net *"_ivl_0", 31 0, L_000002955feebc20;  1 drivers
v000002955feebcc0_0 .net *"_ivl_10", 31 0, L_000002955feec260;  1 drivers
L_000002955feed278 .functor BUFT 1, C4<0000000000000000000000>, C4<0>, C4<0>, C4<0>;
v000002955feecf80_0 .net *"_ivl_13", 21 0, L_000002955feed278;  1 drivers
L_000002955feed2c0 .functor BUFT 1, C4<00000000000000000000000000001010>, C4<0>, C4<0>, C4<0>;
v000002955feec8a0_0 .net/2u *"_ivl_14", 31 0, L_000002955feed2c0;  1 drivers
v000002955feeb680_0 .net *"_ivl_16", 31 0, L_000002955feec620;  1 drivers
L_000002955feed308 .functor BUFT 1, C4<00000000000000000000000000001010>, C4<0>, C4<0>, C4<0>;
v000002955feec1c0_0 .net/2u *"_ivl_18", 31 0, L_000002955feed308;  1 drivers
v000002955feebe00_0 .net *"_ivl_20", 31 0, L_000002955feec800;  1 drivers
v000002955feebb80_0 .net *"_ivl_24", 31 0, L_000002955ff36140;  1 drivers
L_000002955feed350 .functor BUFT 1, C4<0000000000000000000000>, C4<0>, C4<0>, C4<0>;
v000002955feecd00_0 .net *"_ivl_27", 21 0, L_000002955feed350;  1 drivers
L_000002955feed398 .functor BUFT 1, C4<00000000000000000000000001100100>, C4<0>, C4<0>, C4<0>;
v000002955feeb360_0 .net/2u *"_ivl_28", 31 0, L_000002955feed398;  1 drivers
L_000002955feed1e8 .functor BUFT 1, C4<0000000000000000000000>, C4<0>, C4<0>, C4<0>;
v000002955feeb900_0 .net *"_ivl_3", 21 0, L_000002955feed1e8;  1 drivers
v000002955feeca80_0 .net *"_ivl_30", 31 0, L_000002955ff368c0;  1 drivers
L_000002955feed3e0 .functor BUFT 1, C4<00000000000000000000000000001010>, C4<0>, C4<0>, C4<0>;
v000002955feecb20_0 .net/2u *"_ivl_32", 31 0, L_000002955feed3e0;  1 drivers
v000002955feec3a0_0 .net *"_ivl_34", 31 0, L_000002955ff35380;  1 drivers
v000002955feebd60_0 .net *"_ivl_38", 31 0, L_000002955ff36280;  1 drivers
L_000002955feed230 .functor BUFT 1, C4<00000000000000000000000000001010>, C4<0>, C4<0>, C4<0>;
v000002955feeb540_0 .net/2u *"_ivl_4", 31 0, L_000002955feed230;  1 drivers
L_000002955feed428 .functor BUFT 1, C4<0000000000000000000000>, C4<0>, C4<0>, C4<0>;
v000002955feec440_0 .net *"_ivl_41", 21 0, L_000002955feed428;  1 drivers
L_000002955feed470 .functor BUFT 1, C4<00000000000000000000001111101000>, C4<0>, C4<0>, C4<0>;
v000002955feecee0_0 .net/2u *"_ivl_42", 31 0, L_000002955feed470;  1 drivers
v000002955feeb7c0_0 .net *"_ivl_44", 31 0, L_000002955ff35880;  1 drivers
L_000002955feed4b8 .functor BUFT 1, C4<00000000000000000000000000001010>, C4<0>, C4<0>, C4<0>;
v000002955feed0c0_0 .net/2u *"_ivl_46", 31 0, L_000002955feed4b8;  1 drivers
v000002955feeb860_0 .net *"_ivl_48", 31 0, L_000002955ff36be0;  1 drivers
L_000002955feed500 .functor BUFT 1, C4<000000>, C4<0>, C4<0>, C4<0>;
v000002955feed020_0 .net *"_ivl_55", 5 0, L_000002955feed500;  1 drivers
v000002955feecbc0_0 .net *"_ivl_6", 31 0, L_000002955feebfe0;  1 drivers
L_000002955feed548 .functor BUFT 1, C4<000000>, C4<0>, C4<0>, C4<0>;
v000002955feecc60_0 .net *"_ivl_60", 5 0, L_000002955feed548;  1 drivers
L_000002955feed590 .functor BUFT 1, C4<000000>, C4<0>, C4<0>, C4<0>;
v000002955feec580_0 .net *"_ivl_65", 5 0, L_000002955feed590;  1 drivers
L_000002955feed5d8 .functor BUFT 1, C4<000000>, C4<0>, C4<0>, C4<0>;
v000002955feeb9a0_0 .net *"_ivl_70", 5 0, L_000002955feed5d8;  1 drivers
v000002955feec300_0 .net "bcd_in", 9 0, v000002955feebae0_0;  1 drivers
v000002955feec120_0 .net "centenas", 3 0, L_000002955ff365a0;  1 drivers
v000002955feeba40_0 .net "decenas", 3 0, L_000002955feec940;  1 drivers
v000002955feecda0_0 .net "milares", 3 0, L_000002955ff36dc0;  1 drivers
v000002955feec6c0_0 .net "unidades", 3 0, L_000002955feec080;  1 drivers
L_000002955feebc20 .concat [ 10 22 0 0], v000002955feebae0_0, L_000002955feed1e8;
L_000002955feebfe0 .arith/mod 32, L_000002955feebc20, L_000002955feed230;
L_000002955feec080 .part L_000002955feebfe0, 0, 4;
L_000002955feec260 .concat [ 10 22 0 0], v000002955feebae0_0, L_000002955feed278;
L_000002955feec620 .arith/div 32, L_000002955feec260, L_000002955feed2c0;
L_000002955feec800 .arith/mod 32, L_000002955feec620, L_000002955feed308;
L_000002955feec940 .part L_000002955feec800, 0, 4;
L_000002955ff36140 .concat [ 10 22 0 0], v000002955feebae0_0, L_000002955feed350;
L_000002955ff368c0 .arith/div 32, L_000002955ff36140, L_000002955feed398;
L_000002955ff35380 .arith/mod 32, L_000002955ff368c0, L_000002955feed3e0;
L_000002955ff365a0 .part L_000002955ff35380, 0, 4;
L_000002955ff36280 .concat [ 10 22 0 0], v000002955feebae0_0, L_000002955feed428;
L_000002955ff35880 .arith/div 32, L_000002955ff36280, L_000002955feed470;
L_000002955ff36be0 .arith/mod 32, L_000002955ff35880, L_000002955feed4b8;
L_000002955ff36dc0 .part L_000002955ff36be0, 0, 4;
L_000002955ff35d80 .concat [ 4 6 0 0], L_000002955feec080, L_000002955feed500;
L_000002955ff35600 .concat [ 4 6 0 0], L_000002955feec940, L_000002955feed548;
L_000002955ff36e60 .concat [ 4 6 0 0], L_000002955ff365a0, L_000002955feed590;
L_000002955ff36500 .concat [ 4 6 0 0], L_000002955ff36dc0, L_000002955feed5d8;
S_000002955fe96000 .scope module, "centens" "BCD" 3 23, 4 1 0, S_000002955fe88330;
 .timescale 0 0;
    .port_info 0 /INPUT 10 "BCD_in";
    .port_info 1 /OUTPUT 7 "BCD_out";
v000002955fe7e440_0 .net "BCD_in", 9 0, L_000002955ff36e60;  1 drivers
v000002955fe7e580_0 .var "BCD_out", 0 6;
E_000002955fe92ae0 .event anyedge, v000002955fe7e440_0;
S_000002955fe973b0 .scope module, "decens" "BCD" 3 18, 4 1 0, S_000002955fe88330;
 .timescale 0 0;
    .port_info 0 /INPUT 10 "BCD_in";
    .port_info 1 /OUTPUT 7 "BCD_out";
v000002955fe7e4e0_0 .net "BCD_in", 9 0, L_000002955ff35600;  1 drivers
v000002955fe7e620_0 .var "BCD_out", 0 6;
E_000002955fe920a0 .event anyedge, v000002955fe7e4e0_0;
S_000002955fe8a9d0 .scope module, "milars" "BCD" 3 28, 4 1 0, S_000002955fe88330;
 .timescale 0 0;
    .port_info 0 /INPUT 10 "BCD_in";
    .port_info 1 /OUTPUT 7 "BCD_out";
v000002955fe7e760_0 .net "BCD_in", 9 0, L_000002955ff36500;  1 drivers
v000002955feeb5e0_0 .var "BCD_out", 0 6;
E_000002955fe924e0 .event anyedge, v000002955fe7e760_0;
S_000002955fe8ab60 .scope module, "unit" "BCD" 3 13, 4 1 0, S_000002955fe88330;
 .timescale 0 0;
    .port_info 0 /INPUT 10 "BCD_in";
    .port_info 1 /OUTPUT 7 "BCD_out";
v000002955feebf40_0 .net "BCD_in", 9 0, L_000002955ff35d80;  1 drivers
v000002955feec4e0_0 .var "BCD_out", 0 6;
E_000002955fe92960 .event anyedge, v000002955feebf40_0;
    .scope S_000002955fe8ab60;
T_0 ;
    %wait E_000002955fe92960;
    %load/vec4 v000002955feebf40_0;
    %dup/vec4;
    %pushi/vec4 0, 0, 10;
    %cmp/u;
    %jmp/1 T_0.0, 6;
    %dup/vec4;
    %pushi/vec4 1, 0, 10;
    %cmp/u;
    %jmp/1 T_0.1, 6;
    %dup/vec4;
    %pushi/vec4 2, 0, 10;
    %cmp/u;
    %jmp/1 T_0.2, 6;
    %dup/vec4;
    %pushi/vec4 3, 0, 10;
    %cmp/u;
    %jmp/1 T_0.3, 6;
    %dup/vec4;
    %pushi/vec4 4, 0, 10;
    %cmp/u;
    %jmp/1 T_0.4, 6;
    %dup/vec4;
    %pushi/vec4 5, 0, 10;
    %cmp/u;
    %jmp/1 T_0.5, 6;
    %dup/vec4;
    %pushi/vec4 6, 0, 10;
    %cmp/u;
    %jmp/1 T_0.6, 6;
    %dup/vec4;
    %pushi/vec4 7, 0, 10;
    %cmp/u;
    %jmp/1 T_0.7, 6;
    %dup/vec4;
    %pushi/vec4 8, 0, 10;
    %cmp/u;
    %jmp/1 T_0.8, 6;
    %dup/vec4;
    %pushi/vec4 9, 0, 10;
    %cmp/u;
    %jmp/1 T_0.9, 6;
    %dup/vec4;
    %pushi/vec4 10, 0, 10;
    %cmp/u;
    %jmp/1 T_0.10, 6;
    %pushi/vec4 0, 0, 7;
    %store/vec4 v000002955feec4e0_0, 0, 7;
    %jmp T_0.12;
T_0.0 ;
    %pushi/vec4 126, 0, 7;
    %store/vec4 v000002955feec4e0_0, 0, 7;
    %jmp T_0.12;
T_0.1 ;
    %pushi/vec4 48, 0, 7;
    %store/vec4 v000002955feec4e0_0, 0, 7;
    %jmp T_0.12;
T_0.2 ;
    %pushi/vec4 109, 0, 7;
    %store/vec4 v000002955feec4e0_0, 0, 7;
    %jmp T_0.12;
T_0.3 ;
    %pushi/vec4 121, 0, 7;
    %store/vec4 v000002955feec4e0_0, 0, 7;
    %jmp T_0.12;
T_0.4 ;
    %pushi/vec4 51, 0, 7;
    %store/vec4 v000002955feec4e0_0, 0, 7;
    %jmp T_0.12;
T_0.5 ;
    %pushi/vec4 91, 0, 7;
    %store/vec4 v000002955feec4e0_0, 0, 7;
    %jmp T_0.12;
T_0.6 ;
    %pushi/vec4 95, 0, 7;
    %store/vec4 v000002955feec4e0_0, 0, 7;
    %jmp T_0.12;
T_0.7 ;
    %pushi/vec4 112, 0, 7;
    %store/vec4 v000002955feec4e0_0, 0, 7;
    %jmp T_0.12;
T_0.8 ;
    %pushi/vec4 127, 0, 7;
    %store/vec4 v000002955feec4e0_0, 0, 7;
    %jmp T_0.12;
T_0.9 ;
    %pushi/vec4 123, 0, 7;
    %store/vec4 v000002955feec4e0_0, 0, 7;
    %jmp T_0.12;
T_0.10 ;
    %pushi/vec4 0, 0, 7;
    %store/vec4 v000002955feec4e0_0, 0, 7;
    %jmp T_0.12;
T_0.12 ;
    %pop/vec4 1;
    %jmp T_0;
    .thread T_0, $push;
    .scope S_000002955fe973b0;
T_1 ;
    %wait E_000002955fe920a0;
    %load/vec4 v000002955fe7e4e0_0;
    %dup/vec4;
    %pushi/vec4 0, 0, 10;
    %cmp/u;
    %jmp/1 T_1.0, 6;
    %dup/vec4;
    %pushi/vec4 1, 0, 10;
    %cmp/u;
    %jmp/1 T_1.1, 6;
    %dup/vec4;
    %pushi/vec4 2, 0, 10;
    %cmp/u;
    %jmp/1 T_1.2, 6;
    %dup/vec4;
    %pushi/vec4 3, 0, 10;
    %cmp/u;
    %jmp/1 T_1.3, 6;
    %dup/vec4;
    %pushi/vec4 4, 0, 10;
    %cmp/u;
    %jmp/1 T_1.4, 6;
    %dup/vec4;
    %pushi/vec4 5, 0, 10;
    %cmp/u;
    %jmp/1 T_1.5, 6;
    %dup/vec4;
    %pushi/vec4 6, 0, 10;
    %cmp/u;
    %jmp/1 T_1.6, 6;
    %dup/vec4;
    %pushi/vec4 7, 0, 10;
    %cmp/u;
    %jmp/1 T_1.7, 6;
    %dup/vec4;
    %pushi/vec4 8, 0, 10;
    %cmp/u;
    %jmp/1 T_1.8, 6;
    %dup/vec4;
    %pushi/vec4 9, 0, 10;
    %cmp/u;
    %jmp/1 T_1.9, 6;
    %dup/vec4;
    %pushi/vec4 10, 0, 10;
    %cmp/u;
    %jmp/1 T_1.10, 6;
    %pushi/vec4 0, 0, 7;
    %store/vec4 v000002955fe7e620_0, 0, 7;
    %jmp T_1.12;
T_1.0 ;
    %pushi/vec4 126, 0, 7;
    %store/vec4 v000002955fe7e620_0, 0, 7;
    %jmp T_1.12;
T_1.1 ;
    %pushi/vec4 48, 0, 7;
    %store/vec4 v000002955fe7e620_0, 0, 7;
    %jmp T_1.12;
T_1.2 ;
    %pushi/vec4 109, 0, 7;
    %store/vec4 v000002955fe7e620_0, 0, 7;
    %jmp T_1.12;
T_1.3 ;
    %pushi/vec4 121, 0, 7;
    %store/vec4 v000002955fe7e620_0, 0, 7;
    %jmp T_1.12;
T_1.4 ;
    %pushi/vec4 51, 0, 7;
    %store/vec4 v000002955fe7e620_0, 0, 7;
    %jmp T_1.12;
T_1.5 ;
    %pushi/vec4 91, 0, 7;
    %store/vec4 v000002955fe7e620_0, 0, 7;
    %jmp T_1.12;
T_1.6 ;
    %pushi/vec4 95, 0, 7;
    %store/vec4 v000002955fe7e620_0, 0, 7;
    %jmp T_1.12;
T_1.7 ;
    %pushi/vec4 112, 0, 7;
    %store/vec4 v000002955fe7e620_0, 0, 7;
    %jmp T_1.12;
T_1.8 ;
    %pushi/vec4 127, 0, 7;
    %store/vec4 v000002955fe7e620_0, 0, 7;
    %jmp T_1.12;
T_1.9 ;
    %pushi/vec4 123, 0, 7;
    %store/vec4 v000002955fe7e620_0, 0, 7;
    %jmp T_1.12;
T_1.10 ;
    %pushi/vec4 0, 0, 7;
    %store/vec4 v000002955fe7e620_0, 0, 7;
    %jmp T_1.12;
T_1.12 ;
    %pop/vec4 1;
    %jmp T_1;
    .thread T_1, $push;
    .scope S_000002955fe96000;
T_2 ;
    %wait E_000002955fe92ae0;
    %load/vec4 v000002955fe7e440_0;
    %dup/vec4;
    %pushi/vec4 0, 0, 10;
    %cmp/u;
    %jmp/1 T_2.0, 6;
    %dup/vec4;
    %pushi/vec4 1, 0, 10;
    %cmp/u;
    %jmp/1 T_2.1, 6;
    %dup/vec4;
    %pushi/vec4 2, 0, 10;
    %cmp/u;
    %jmp/1 T_2.2, 6;
    %dup/vec4;
    %pushi/vec4 3, 0, 10;
    %cmp/u;
    %jmp/1 T_2.3, 6;
    %dup/vec4;
    %pushi/vec4 4, 0, 10;
    %cmp/u;
    %jmp/1 T_2.4, 6;
    %dup/vec4;
    %pushi/vec4 5, 0, 10;
    %cmp/u;
    %jmp/1 T_2.5, 6;
    %dup/vec4;
    %pushi/vec4 6, 0, 10;
    %cmp/u;
    %jmp/1 T_2.6, 6;
    %dup/vec4;
    %pushi/vec4 7, 0, 10;
    %cmp/u;
    %jmp/1 T_2.7, 6;
    %dup/vec4;
    %pushi/vec4 8, 0, 10;
    %cmp/u;
    %jmp/1 T_2.8, 6;
    %dup/vec4;
    %pushi/vec4 9, 0, 10;
    %cmp/u;
    %jmp/1 T_2.9, 6;
    %dup/vec4;
    %pushi/vec4 10, 0, 10;
    %cmp/u;
    %jmp/1 T_2.10, 6;
    %pushi/vec4 0, 0, 7;
    %store/vec4 v000002955fe7e580_0, 0, 7;
    %jmp T_2.12;
T_2.0 ;
    %pushi/vec4 126, 0, 7;
    %store/vec4 v000002955fe7e580_0, 0, 7;
    %jmp T_2.12;
T_2.1 ;
    %pushi/vec4 48, 0, 7;
    %store/vec4 v000002955fe7e580_0, 0, 7;
    %jmp T_2.12;
T_2.2 ;
    %pushi/vec4 109, 0, 7;
    %store/vec4 v000002955fe7e580_0, 0, 7;
    %jmp T_2.12;
T_2.3 ;
    %pushi/vec4 121, 0, 7;
    %store/vec4 v000002955fe7e580_0, 0, 7;
    %jmp T_2.12;
T_2.4 ;
    %pushi/vec4 51, 0, 7;
    %store/vec4 v000002955fe7e580_0, 0, 7;
    %jmp T_2.12;
T_2.5 ;
    %pushi/vec4 91, 0, 7;
    %store/vec4 v000002955fe7e580_0, 0, 7;
    %jmp T_2.12;
T_2.6 ;
    %pushi/vec4 95, 0, 7;
    %store/vec4 v000002955fe7e580_0, 0, 7;
    %jmp T_2.12;
T_2.7 ;
    %pushi/vec4 112, 0, 7;
    %store/vec4 v000002955fe7e580_0, 0, 7;
    %jmp T_2.12;
T_2.8 ;
    %pushi/vec4 127, 0, 7;
    %store/vec4 v000002955fe7e580_0, 0, 7;
    %jmp T_2.12;
T_2.9 ;
    %pushi/vec4 123, 0, 7;
    %store/vec4 v000002955fe7e580_0, 0, 7;
    %jmp T_2.12;
T_2.10 ;
    %pushi/vec4 0, 0, 7;
    %store/vec4 v000002955fe7e580_0, 0, 7;
    %jmp T_2.12;
T_2.12 ;
    %pop/vec4 1;
    %jmp T_2;
    .thread T_2, $push;
    .scope S_000002955fe8a9d0;
T_3 ;
    %wait E_000002955fe924e0;
    %load/vec4 v000002955fe7e760_0;
    %dup/vec4;
    %pushi/vec4 0, 0, 10;
    %cmp/u;
    %jmp/1 T_3.0, 6;
    %dup/vec4;
    %pushi/vec4 1, 0, 10;
    %cmp/u;
    %jmp/1 T_3.1, 6;
    %dup/vec4;
    %pushi/vec4 2, 0, 10;
    %cmp/u;
    %jmp/1 T_3.2, 6;
    %dup/vec4;
    %pushi/vec4 3, 0, 10;
    %cmp/u;
    %jmp/1 T_3.3, 6;
    %dup/vec4;
    %pushi/vec4 4, 0, 10;
    %cmp/u;
    %jmp/1 T_3.4, 6;
    %dup/vec4;
    %pushi/vec4 5, 0, 10;
    %cmp/u;
    %jmp/1 T_3.5, 6;
    %dup/vec4;
    %pushi/vec4 6, 0, 10;
    %cmp/u;
    %jmp/1 T_3.6, 6;
    %dup/vec4;
    %pushi/vec4 7, 0, 10;
    %cmp/u;
    %jmp/1 T_3.7, 6;
    %dup/vec4;
    %pushi/vec4 8, 0, 10;
    %cmp/u;
    %jmp/1 T_3.8, 6;
    %dup/vec4;
    %pushi/vec4 9, 0, 10;
    %cmp/u;
    %jmp/1 T_3.9, 6;
    %dup/vec4;
    %pushi/vec4 10, 0, 10;
    %cmp/u;
    %jmp/1 T_3.10, 6;
    %pushi/vec4 0, 0, 7;
    %store/vec4 v000002955feeb5e0_0, 0, 7;
    %jmp T_3.12;
T_3.0 ;
    %pushi/vec4 126, 0, 7;
    %store/vec4 v000002955feeb5e0_0, 0, 7;
    %jmp T_3.12;
T_3.1 ;
    %pushi/vec4 48, 0, 7;
    %store/vec4 v000002955feeb5e0_0, 0, 7;
    %jmp T_3.12;
T_3.2 ;
    %pushi/vec4 109, 0, 7;
    %store/vec4 v000002955feeb5e0_0, 0, 7;
    %jmp T_3.12;
T_3.3 ;
    %pushi/vec4 121, 0, 7;
    %store/vec4 v000002955feeb5e0_0, 0, 7;
    %jmp T_3.12;
T_3.4 ;
    %pushi/vec4 51, 0, 7;
    %store/vec4 v000002955feeb5e0_0, 0, 7;
    %jmp T_3.12;
T_3.5 ;
    %pushi/vec4 91, 0, 7;
    %store/vec4 v000002955feeb5e0_0, 0, 7;
    %jmp T_3.12;
T_3.6 ;
    %pushi/vec4 95, 0, 7;
    %store/vec4 v000002955feeb5e0_0, 0, 7;
    %jmp T_3.12;
T_3.7 ;
    %pushi/vec4 112, 0, 7;
    %store/vec4 v000002955feeb5e0_0, 0, 7;
    %jmp T_3.12;
T_3.8 ;
    %pushi/vec4 127, 0, 7;
    %store/vec4 v000002955feeb5e0_0, 0, 7;
    %jmp T_3.12;
T_3.9 ;
    %pushi/vec4 123, 0, 7;
    %store/vec4 v000002955feeb5e0_0, 0, 7;
    %jmp T_3.12;
T_3.10 ;
    %pushi/vec4 0, 0, 7;
    %store/vec4 v000002955feeb5e0_0, 0, 7;
    %jmp T_3.12;
T_3.12 ;
    %pop/vec4 1;
    %jmp T_3;
    .thread T_3, $push;
    .scope S_000002955fe88010;
T_4 ;
    %pushi/vec4 50, 0, 32;
T_4.0 %dup/vec4;
    %cmpi/s 0, 0, 32;
    %jmp/1xz T_4.1, 5;
    %jmp/1 T_4.1, 4;
    %subi 1, 0, 32;
    %vpi_call 2 10 "$display", "sim iniciada" {0 0 0};
    %vpi_func 2 11 "$random" 32 {0 0 0};
    %pushi/vec4 1023, 0, 32;
    %mod/s;
    %pad/s 10;
    %store/vec4 v000002955feebae0_0, 0, 10;
    %delay 10, 0;
    %jmp T_4.0;
T_4.1 ;
    %pop/vec4 1;
    %vpi_call 2 14 "$display", "sim finalizada" {0 0 0};
    %vpi_call 2 15 "$stop" {0 0 0};
    %vpi_call 2 16 "$finish" {0 0 0};
    %end;
    .thread T_4;
    .scope S_000002955fe88010;
T_5 ;
    %vpi_call 2 21 "$monitor", "BCD_in = %b,D_un= %b, D_de= %b, D_ce= %b, D_mi = %b", v000002955feebae0_0, v000002955feebea0_0, v000002955feec9e0_0, v000002955feece40_0, v000002955feeb2c0_0 {0 0 0};
    %end;
    .thread T_5;
    .scope S_000002955fe88010;
T_6 ;
    %vpi_call 2 25 "$dumpfile", "BCD_4display_tb.vcd" {0 0 0};
    %vpi_call 2 26 "$dumpvars", 32'sb00000000000000000000000000000000, S_000002955fe88010 {0 0 0};
    %end;
    .thread T_6;
# The file index is used to find the file name in the following table.
:file_names 5;
    "N/A";
    "<interactive>";
    "BCD_4display_tb.v";
    "BCD_4display.v";
    "BCD.v";
