#! 
:ivl_version "13.0 (devel)" "(s20251012-92-gfe295c89f-dirty)";
:ivl_delay_selection "TYPICAL";
:vpi_time_precision + 0;
:vpi_module "D:\OSS-CA~1\lib\ivl\system.vpi";
:vpi_module "D:\OSS-CA~1\lib\ivl\vhdl_sys.vpi";
:vpi_module "D:\OSS-CA~1\lib\ivl\vhdl_textio.vpi";
:vpi_module "D:\OSS-CA~1\lib\ivl\v2005_math.vpi";
:vpi_module "D:\OSS-CA~1\lib\ivl\va_math.vpi";
S_000001712078ba00 .scope module, "num_primos_tb" "num_primos_tb" 2 1;
 .timescale 0 0;
v00000171207da0a0_0 .var "N", 3 0;
v00000171207a6440_0 .var/i "i", 31 0;
v00000171207a64e0_0 .net "out", 0 0, v0000017120788d60_0;  1 drivers
S_000001712078bb90 .scope module, "DUT" "num_primos" 2 6, 3 1 0, S_000001712078ba00;
 .timescale 0 0;
    .port_info 0 /INPUT 4 "N";
    .port_info 1 /OUTPUT 1 "out";
v00000171207a6c80_0 .net "N", 3 0, v00000171207da0a0_0;  1 drivers
v0000017120788d60_0 .var "out", 0 0;
E_000001712078b180 .event anyedge, v00000171207a6c80_0;
    .scope S_000001712078bb90;
T_0 ;
    %wait E_000001712078b180;
    %load/vec4 v00000171207a6c80_0;
    %dup/vec4;
    %pushi/vec4 2, 0, 4;
    %cmp/u;
    %jmp/1 T_0.0, 6;
    %dup/vec4;
    %pushi/vec4 3, 0, 4;
    %cmp/u;
    %jmp/1 T_0.1, 6;
    %dup/vec4;
    %pushi/vec4 5, 0, 4;
    %cmp/u;
    %jmp/1 T_0.2, 6;
    %dup/vec4;
    %pushi/vec4 7, 0, 4;
    %cmp/u;
    %jmp/1 T_0.3, 6;
    %dup/vec4;
    %pushi/vec4 11, 0, 4;
    %cmp/u;
    %jmp/1 T_0.4, 6;
    %dup/vec4;
    %pushi/vec4 13, 0, 4;
    %cmp/u;
    %jmp/1 T_0.5, 6;
    %pushi/vec4 0, 0, 1;
    %store/vec4 v0000017120788d60_0, 0, 1;
    %jmp T_0.7;
T_0.0 ;
    %pushi/vec4 1, 0, 1;
    %store/vec4 v0000017120788d60_0, 0, 1;
    %jmp T_0.7;
T_0.1 ;
    %pushi/vec4 1, 0, 1;
    %store/vec4 v0000017120788d60_0, 0, 1;
    %jmp T_0.7;
T_0.2 ;
    %pushi/vec4 1, 0, 1;
    %store/vec4 v0000017120788d60_0, 0, 1;
    %jmp T_0.7;
T_0.3 ;
    %pushi/vec4 1, 0, 1;
    %store/vec4 v0000017120788d60_0, 0, 1;
    %jmp T_0.7;
T_0.4 ;
    %pushi/vec4 1, 0, 1;
    %store/vec4 v0000017120788d60_0, 0, 1;
    %jmp T_0.7;
T_0.5 ;
    %pushi/vec4 1, 0, 1;
    %store/vec4 v0000017120788d60_0, 0, 1;
    %jmp T_0.7;
T_0.7 ;
    %pop/vec4 1;
    %jmp T_0;
    .thread T_0, $push;
    .scope S_000001712078ba00;
T_1 ;
    %vpi_call 2 10 "$display", "inicia sim" {0 0 0};
    %pushi/vec4 0, 0, 4;
    %store/vec4 v00000171207da0a0_0, 0, 4;
    %pushi/vec4 0, 0, 32;
    %store/vec4 v00000171207a6440_0, 0, 32;
T_1.0 ; Top of for-loop
    %load/vec4 v00000171207a6440_0;
    %cmpi/s 16, 0, 32;
	  %jmp/0xz T_1.1, 5;
    %load/vec4 v00000171207a6440_0;
    %parti/s 4, 0, 2;
    %store/vec4 v00000171207da0a0_0, 0, 4;
    %delay 10, 0;
T_1.2 ; for-loop step statement
    %load/vec4 v00000171207a6440_0;
    %addi 1, 0, 32;
    %store/vec4 v00000171207a6440_0, 0, 32;
    %jmp T_1.0;
T_1.1 ; for-loop exit label
    %vpi_call 2 20 "$display", "fin" {0 0 0};
    %vpi_call 2 21 "$stop" {0 0 0};
    %vpi_call 2 22 "$finish" {0 0 0};
    %end;
    .thread T_1;
    .scope S_000001712078ba00;
T_2 ;
    %vpi_call 2 27 "$monitor", "N = %b,out = %b", v00000171207da0a0_0, v00000171207a64e0_0 {0 0 0};
    %end;
    .thread T_2;
    .scope S_000001712078ba00;
T_3 ;
    %vpi_call 2 32 "$dumpfile", "num_primos_tb.vcd" {0 0 0};
    %vpi_call 2 33 "$dumpvars", 32'sb00000000000000000000000000000000, S_000001712078ba00 {0 0 0};
    %end;
    .thread T_3;
# The file index is used to find the file name in the following table.
:file_names 4;
    "N/A";
    "<interactive>";
    "num_primos_tb.v";
    "num_primos.v";
